<?xml version="1.0" encoding="UTF-8"?>
<!-- Generated by org.testng.reporters.JUnitReportReporter -->
<testsuite hostname="DESKTOP-CHTFR1B" name="demo.TestNGParametersDemo" tests="1" failures="0" timestamp="4 Apr 2019 04:27:45 GMT" time="0.023" errors="0">
  <testcase name="test" time="0.023" classname="demo.TestNGParametersDemo"/>
</testsuite> <!-- demo.TestNGParametersDemo -->
