<?xml version="1.0" encoding="UTF-8"?>
<!-- Generated by org.testng.reporters.JUnitReportReporter -->
<testsuite hostname="DESKTOP-CHTFR1B" name="demo.TestNGIgnoreDemo" tests="2" failures="0" timestamp="1 Apr 2019 04:13:49 GMT" time="0.039" errors="0">
  <testcase name="test1" time="0.035" classname="demo.TestNGIgnoreDemo"/>
  <testcase name="test2" time="0.004" classname="demo.TestNGIgnoreDemo"/>
</testsuite> <!-- demo.TestNGIgnoreDemo -->
