<?xml version="1.0" encoding="UTF-8"?>
<!-- Generated by org.testng.reporters.JUnitReportReporter -->
<testsuite hostname="DESKTOP-CHTFR1B" name="demo.TestNGDependencyDemo" tests="3" failures="0" timestamp="1 Apr 2019 04:05:38 GMT" time="0.033" errors="0">
  <testcase name="test2" time="0.029" classname="demo.TestNGDependencyDemo"/>
  <testcase name="test3" time="0.002" classname="demo.TestNGDependencyDemo"/>
  <testcase name="test1" time="0.002" classname="demo.TestNGDependencyDemo"/>
</testsuite> <!-- demo.TestNGDependencyDemo -->
