<?xml version="1.0" encoding="UTF-8"?>
<!-- Generated by org.testng.reporters.JUnitReportReporter -->
<testsuite hostname="DESKTOP-CHTFR1B" name="demo.TestNGPriorityDemo" tests="3" failures="0" timestamp="31 Mar 2019 12:04:58 GMT" time="0.030" errors="0">
  <testcase name="two" time="0.004" classname="demo.TestNGPriorityDemo"/>
  <testcase name="one" time="0.018" classname="demo.TestNGPriorityDemo"/>
  <testcase name="three" time="0.008" classname="demo.TestNGPriorityDemo"/>
</testsuite> <!-- demo.TestNGPriorityDemo -->
