<?xml version="1.0" encoding="UTF-8"?>
<!-- Generated by org.testng.reporters.JUnitReportReporter -->
<testsuite hostname="DESKTOP-CHTFR1B" name="demo.Test3" tests="1" failures="0" timestamp="1 Apr 2019 06:53:33 GMT" time="2.784" errors="0">
  <testcase name="test3" time="2.784" classname="demo.Test3"/>
</testsuite> <!-- demo.Test3 -->
