<?xml version="1.0" encoding="UTF-8"?>
<!-- Generated by org.testng.reporters.JUnitReportReporter -->
<testsuite hostname="DESKTOP-CHTFR1B" name="demo.TestNGGroupsDemo" tests="4" failures="0" timestamp="4 Apr 2019 04:24:09 GMT" time="0.031" errors="0">
  <testcase name="test3" time="0.003" classname="demo.TestNGGroupsDemo"/>
  <testcase name="test4" time="0.006" classname="demo.TestNGGroupsDemo"/>
  <testcase name="test1" time="0.016" classname="demo.TestNGGroupsDemo"/>
  <testcase name="test2" time="0.006" classname="demo.TestNGGroupsDemo"/>
</testsuite> <!-- demo.TestNGGroupsDemo -->
