<?xml version="1.0" encoding="UTF-8"?>
<!-- Generated by org.testng.reporters.JUnitReportReporter -->
<testsuite hostname="DESKTOP-CHTFR1B" name="demo.TestNGMultiBrowserDemo" tests="3" failures="0" timestamp="4 Apr 2019 04:31:20 GMT" time="23.017" errors="0">
  <testcase name="test1" time="6.957" classname="demo.TestNGMultiBrowserDemo"/>
  <testcase name="test1" time="8.519" classname="demo.TestNGMultiBrowserDemo"/>
  <testcase name="test1" time="7.541" classname="demo.TestNGMultiBrowserDemo"/>
</testsuite> <!-- demo.TestNGMultiBrowserDemo -->
