<?xml version="1.0" encoding="UTF-8"?>
<!-- Generated by org.testng.reporters.JUnitReportReporter -->
<testsuite hostname="DESKTOP-CHTFR1B" name="test.TestNG_Demo" tests="2" failures="0" timestamp="4 Apr 2019 06:03:09 GMT" time="9.366" errors="0">
  <testcase name="googleSearch12" time="5.701" classname="test.TestNG_Demo"/>
  <testcase name="googleSearch21" time="3.665" classname="test.TestNG_Demo"/>
</testsuite> <!-- test.TestNG_Demo -->
