<?xml version="1.0" encoding="UTF-8"?>
<!-- Generated by org.testng.reporters.JUnitReportReporter -->
<testsuite skipped="2" hostname="DESKTOP-CHTFR1B" name="demo.SkipExample" tests="3" failures="0" timestamp="01 เม.ย. 2562 02:37:04 GMT" time="0.028" errors="0">
  <testcase name="testCaseSkipException" time="0.004" classname="demo.SkipExample">
    <skipped/>
  </testcase> <!-- testCaseSkipException -->
  <testcase name="testCaseConditionalSkipException" time="0.024" classname="demo.SkipExample"/>
  <testcase name="testCaseEnabling" classname="demo.SkipExample">
    <skipped/>
  </testcase> <!-- testCaseEnabling -->
</testsuite> <!-- demo.SkipExample -->
