<?xml version="1.0" encoding="UTF-8"?>
<!-- Generated by org.testng.reporters.JUnitReportReporter -->
<testsuite hostname="DESKTOP-CHTFR1B" name="test.TestNG_Demo2" tests="2" failures="0" timestamp="4 Apr 2019 04:20:02 GMT" time="6.933" errors="0">
  <testcase name="googleSearch01" time="4.788" classname="test.TestNG_Demo2"/>
  <testcase name="googleSearch02" time="2.145" classname="test.TestNG_Demo2"/>
</testsuite> <!-- test.TestNG_Demo2 -->
