<?xml version="1.0" encoding="UTF-8"?>
<!-- Generated by org.testng.reporters.JUnitReportReporter -->
<testsuite hostname="DESKTOP-CHTFR1B" name="utils.ExcelDataProvider" tests="3" failures="0" timestamp="31 Mar 2019 05:53:05 GMT" time="24.595" errors="0">
  <testcase name="test1" time="10.049" classname="utils.ExcelDataProvider"/>
  <testcase name="test1" time="7.264" classname="utils.ExcelDataProvider"/>
  <testcase name="test1" time="7.282" classname="utils.ExcelDataProvider"/>
</testsuite> <!-- utils.ExcelDataProvider -->
