<?xml version="1.0" encoding="UTF-8"?>
<!-- Generated by org.testng.reporters.JUnitReportReporter -->
<testsuite hostname="DESKTOP-CHTFR1B" name="demo.Test1" tests="1" failures="0" timestamp="4 Apr 2019 05:59:28 GMT" time="12.467" errors="0">
  <testcase name="test1" time="12.467" classname="demo.Test1"/>
</testsuite> <!-- demo.Test1 -->
