<?xml version="1.0" encoding="UTF-8"?>
<!-- Generated by org.testng.reporters.JUnitReportReporter -->
<testsuite hostname="DESKTOP-CHTFR1B" name="demo.InstantSauceTestNGTest01" tests="1" failures="0" timestamp="4 Apr 2019 13:24:10 GMT" time="16.808" errors="0">
  <testcase name="shouldOpenSafari" time="16.808" classname="demo.InstantSauceTestNGTest01"/>
</testsuite> <!-- demo.InstantSauceTestNGTest01 -->
