<?xml version="1.0" encoding="UTF-8"?>
<!-- Generated by org.testng.reporters.JUnitReportReporter -->
<testsuite hostname="DESKTOP-CHTFR1B" name="demo.InstantSauceTestNGTest1" tests="1" failures="0" timestamp="4 Apr 2019 13:08:47 GMT" time="17.107" errors="0">
  <testcase name="shouldOpenSafari" time="17.107" classname="demo.InstantSauceTestNGTest1"/>
</testsuite> <!-- demo.InstantSauceTestNGTest1 -->
