<?xml version="1.0" encoding="UTF-8"?>
<!-- Generated by org.testng.reporters.JUnitReportReporter -->
<testsuite hostname="DESKTOP-CHTFR1B" name="test.ExtentReportsDemoWithTestNG" tests="2" failures="0" timestamp="29 Mar 2019 03:32:12 GMT" time="4.855" errors="0">
  <testcase name="test1" time="4.852" classname="test.ExtentReportsDemoWithTestNG"/>
  <testcase name="test2" time="0.003" classname="test.ExtentReportsDemoWithTestNG"/>
</testsuite> <!-- test.ExtentReportsDemoWithTestNG -->
